<?xml version="1.0" encoding="UTF-8"?>
<testng-results skipped="0" failed="1" ignored="0" total="2" passed="1">
  <reporter-output>
  </reporter-output>
  <suite name="Suite1" duration-ms="35948" started-at="2019-08-07T21:06:06Z" finished-at="2019-08-07T21:06:42Z">
    <groups>
    </groups>
    <test name="AppiumTests" duration-ms="35948" started-at="2019-08-07T21:06:06Z" finished-at="2019-08-07T21:06:42Z">
      <class name="appiumscripts.AppiumFirstScript">
        <test-method status="PASS" signature="appiumTestSetup()[pri:0, instance:appiumscripts.AppiumFirstScript@57829d67]" name="appiumTestSetup" is-config="true" duration-ms="8306" started-at="2019-08-07T21:05:57Z" finished-at="2019-08-07T21:06:06Z">
          <reporter-output>
          </reporter-output>
        </test-method> <!-- appiumTestSetup -->
        <test-method status="PASS" signature="appiumFirstTest()[pri:0, instance:appiumscripts.AppiumFirstScript@57829d67]" name="appiumFirstTest" duration-ms="13975" started-at="2019-08-07T21:06:06Z" finished-at="2019-08-07T21:06:20Z">
          <reporter-output>
          </reporter-output>
        </test-method> <!-- appiumFirstTest -->
        <test-method status="PASS" signature="reLaunchApp()[pri:0, instance:appiumscripts.AppiumFirstScript@57829d67]" name="reLaunchApp" is-config="true" duration-ms="3195" started-at="2019-08-07T21:06:20Z" finished-at="2019-08-07T21:06:23Z">
          <reporter-output>
          </reporter-output>
        </test-method> <!-- reLaunchApp -->
        <test-method status="FAIL" signature="appiumSecondTest()[pri:0, instance:appiumscripts.AppiumFirstScript@57829d67]" name="appiumSecondTest" duration-ms="15227" started-at="2019-08-07T21:06:23Z" finished-at="2019-08-07T21:06:38Z">
          <exception class="java.lang.AssertionError">
            <message>
              <![CDATA[The following asserts failed:
Destination text didnt match expected [Londo, England] but found [London, England]]]>
            </message>
            <full-stacktrace>
              <![CDATA[java.lang.AssertionError: The following asserts failed:
Destination text didnt match expected [Londo, England] but found [London, England]
at org.testng.asserts.SoftAssert.assertAll(SoftAssert.java:43)
at appiumscripts.AppiumFirstScript.appiumSecondTest(AppiumFirstScript.java:76)
at sun.reflect.NativeMethodAccessorImpl.invoke0(Native Method)
at sun.reflect.NativeMethodAccessorImpl.invoke(NativeMethodAccessorImpl.java:62)
at sun.reflect.DelegatingMethodAccessorImpl.invoke(DelegatingMethodAccessorImpl.java:43)
at java.lang.reflect.Method.invoke(Method.java:498)
at org.testng.internal.MethodInvocationHelper.invokeMethod(MethodInvocationHelper.java:124)
at org.testng.internal.Invoker.invokeMethod(Invoker.java:583)
at org.testng.internal.Invoker.invokeTestMethod(Invoker.java:719)
at org.testng.internal.Invoker.invokeTestMethods(Invoker.java:989)
at org.testng.internal.TestMethodWorker.invokeTestMethods(TestMethodWorker.java:125)
at org.testng.internal.TestMethodWorker.run(TestMethodWorker.java:109)
at org.testng.TestRunner.privateRun(TestRunner.java:648)
at org.testng.TestRunner.run(TestRunner.java:505)
at org.testng.SuiteRunner.runTest(SuiteRunner.java:455)
at org.testng.SuiteRunner.runSequentially(SuiteRunner.java:450)
at org.testng.SuiteRunner.privateRun(SuiteRunner.java:415)
at org.testng.SuiteRunner.run(SuiteRunner.java:364)
at org.testng.SuiteRunnerWorker.runSuite(SuiteRunnerWorker.java:52)
at org.testng.SuiteRunnerWorker.run(SuiteRunnerWorker.java:84)
at org.testng.TestNG.runSuitesSequentially(TestNG.java:1208)
at org.testng.TestNG.runSuitesLocally(TestNG.java:1137)
at org.testng.TestNG.runSuites(TestNG.java:1049)
at org.testng.TestNG.run(TestNG.java:1017)
at org.testng.IDEARemoteTestNG.run(IDEARemoteTestNG.java:73)
at org.testng.RemoteTestNGStarter.main(RemoteTestNGStarter.java:123)
]]>
            </full-stacktrace>
          </exception> <!-- java.lang.AssertionError -->
          <reporter-output>
          </reporter-output>
        </test-method> <!-- appiumSecondTest -->
        <test-method status="PASS" signature="reLaunchApp()[pri:0, instance:appiumscripts.AppiumFirstScript@57829d67]" name="reLaunchApp" is-config="true" duration-ms="3506" started-at="2019-08-07T21:06:38Z" finished-at="2019-08-07T21:06:42Z">
          <reporter-output>
          </reporter-output>
        </test-method> <!-- reLaunchApp -->
        <test-method status="PASS" signature="closeTest()[pri:0, instance:appiumscripts.AppiumFirstScript@57829d67]" name="closeTest" is-config="true" duration-ms="1287" started-at="2019-08-07T21:06:42Z" finished-at="2019-08-07T21:06:43Z">
          <reporter-output>
          </reporter-output>
        </test-method> <!-- closeTest -->
      </class> <!-- appiumscripts.AppiumFirstScript -->
    </test> <!-- AppiumTests -->
  </suite> <!-- Suite1 -->
</testng-results>
